0 info it worked if it ends with ok
1 verbose cli [ '/usr/local/Cellar/node/5.5.0/bin/node',
1 verbose cli   '/Users/Rob/.node/bin/npm',
1 verbose cli   'start' ]
2 info using npm@3.7.1
3 info using node@v5.5.0
4 verbose run-script [ 'prestart', 'start', 'poststart' ]
5 info lifecycle baseproject@1.0.0~prestart: baseproject@1.0.0
6 silly lifecycle baseproject@1.0.0~prestart: no script for prestart, continuing
7 info lifecycle baseproject@1.0.0~start: baseproject@1.0.0
8 verbose lifecycle baseproject@1.0.0~start: unsafe-perm in lifecycle true
9 verbose lifecycle baseproject@1.0.0~start: PATH: /Users/Rob/.node/lib/node_modules/npm/bin/node-gyp-bin:/Users/Rob/Desktop/gulp_boilerplate/node_modules/.bin:/usr/local/Cellar/node/5.5.0/bin:/usr/local/heroku/bin:/Users/Rob/.rvm/gems/ruby-2.2.0/bin:/Users/Rob/.rvm/gems/ruby-2.2.0@global/bin:/Users/Rob/.rvm/rubies/ruby-2.2.0/bin:/Users/Rob/.node/bin:/usr/local/bin:/usr/bin:/bin:/usr/sbin:/sbin:/Users/Rob/bin:/Users/Rob/.rvm/bin
10 verbose lifecycle baseproject@1.0.0~start: CWD: /Users/Rob/Desktop/gulp_boilerplate
11 silly lifecycle baseproject@1.0.0~start: Args: [ '-c', 'gulp build && node server.js' ]
12 silly lifecycle baseproject@1.0.0~start: Returned: code: 1  signal: null
13 info lifecycle baseproject@1.0.0~start: Failed to exec start script
14 verbose stack Error: baseproject@1.0.0 start: `gulp build && node server.js`
14 verbose stack Exit status 1
14 verbose stack     at EventEmitter.<anonymous> (/Users/Rob/.node/lib/node_modules/npm/lib/utils/lifecycle.js:239:16)
14 verbose stack     at emitTwo (events.js:100:13)
14 verbose stack     at EventEmitter.emit (events.js:185:7)
14 verbose stack     at ChildProcess.<anonymous> (/Users/Rob/.node/lib/node_modules/npm/lib/utils/spawn.js:24:14)
14 verbose stack     at emitTwo (events.js:100:13)
14 verbose stack     at ChildProcess.emit (events.js:185:7)
14 verbose stack     at maybeClose (internal/child_process.js:821:16)
14 verbose stack     at Process.ChildProcess._handle.onexit (internal/child_process.js:211:5)
15 verbose pkgid baseproject@1.0.0
16 verbose cwd /Users/Rob/Desktop/gulp_boilerplate
17 error Darwin 15.6.0
18 error argv "/usr/local/Cellar/node/5.5.0/bin/node" "/Users/Rob/.node/bin/npm" "start"
19 error node v5.5.0
20 error npm  v3.7.1
21 error code ELIFECYCLE
22 error baseproject@1.0.0 start: `gulp build && node server.js`
22 error Exit status 1
23 error Failed at the baseproject@1.0.0 start script 'gulp build && node server.js'.
23 error Make sure you have the latest version of node.js and npm installed.
23 error If you do, this is most likely a problem with the baseproject package,
23 error not with npm itself.
23 error Tell the author that this fails on your system:
23 error     gulp build && node server.js
23 error You can get information on how to open an issue for this project with:
23 error     npm bugs baseproject
23 error Or if that isn't available, you can get their info via:
23 error     npm owner ls baseproject
23 error There is likely additional logging output above.
24 verbose exit [ 1, true ]
